<?xml version="1.0" encoding="UTF-8"?>
<testsuite name="com.stepone.util.ConstantsTest" tests="3" skipped="0" failures="0" errors="0" timestamp="2026-04-28T08:12:50" hostname="Prajwals-MacBook-Air.local" time="0.047">
  <properties/>
  <testcase name="getMilestoneForSteps returns correct milestone for 0 steps" classname="com.stepone.util.ConstantsTest" time="0.046"/>
  <testcase name="getMilestoneForSteps returns correct milestone for midway steps" classname="com.stepone.util.ConstantsTest" time="0.0"/>
  <testcase name="getMilestoneForSteps returns last milestone for very high steps" classname="com.stepone.util.ConstantsTest" time="0.0"/>
  <system-out><![CDATA[]]></system-out>
  <system-err><![CDATA[]]></system-err>
</testsuite>
